#
# There is insufficient memory for the Java Runtime Environment to continue.
# Native memory allocation (mmap) failed to map 132120576 bytes for G1 virtual space
# Possible reasons:
#   The system is out of physical RAM or swap space
#   The process is running with CompressedOops enabled, and the Java Heap may be blocking the growth of the native heap
# Possible solutions:
#   Reduce memory load on the system
#   Increase physical memory or swap space
#   Check if swap backing store is full
#   Decrease Java heap size (-Xmx/-Xms)
#   Decrease number of Java threads
#   Decrease Java thread stack sizes (-Xss)
#   Set larger code cache with -XX:ReservedCodeCacheSize=
#   JVM is running with Unscaled Compressed Oops mode in which the Java heap is
#     placed in the first 4GB address space. The Java Heap base address is the
#     maximum limit for the native heap growth. Please use -XX:HeapBaseMinAddress
#     to set the Java Heap base and to place the Java Heap above 4GB virtual address.
# This output file may be truncated or incomplete.
#
#  Out of Memory Error (os_windows.cpp:3548), pid=36652, tid=34060
#
# JRE version:  (17.0.12+8) (build )
# Java VM: Java HotSpot(TM) 64-Bit Server VM (17.0.12+8-LTS-286, mixed mode, sharing, tiered, compressed oops, compressed class ptrs, g1 gc, windows-amd64)
# No core dump will be written. Minidumps are not enabled by default on client versions of Windows
#

---------------  S U M M A R Y ------------

Command Line: -XX:+ShowCodeDetailsInExceptionMessages university.management.system.Addstudent

Host: 11th Gen Intel(R) Core(TM) i5-11320H @ 3.20GHz, 8 cores, 7G,  Windows 11 , 64 bit Build 22621 (10.0.22621.5415)
Time: Tue Jul  1 09:56:31 2025 India Standard Time elapsed time: 0.013122 seconds (0d 0h 0m 0s)

---------------  T H R E A D  ---------------

Current thread (0x000001704ff91120):  JavaThread "Unknown thread" [_thread_in_vm, id=34060, stack(0x00000051b5300000,0x00000051b5400000)]

Stack: [0x00000051b5300000,0x00000051b5400000]
Native frames: (J=compiled Java code, j=interpreted, Vv=VM code, C=native code)
V  [jvm.dll+0x67a04a]
V  [jvm.dll+0x7da4ed]
V  [jvm.dll+0x7dbe33]
V  [jvm.dll+0x7dc4a3]
V  [jvm.dll+0x24508f]
V  [jvm.dll+0x677089]
V  [jvm.dll+0x66bd32]
V  [jvm.dll+0x301fa6]
V  [jvm.dll+0x309546]
V  [jvm.dll+0x359d2e]
V  [jvm.dll+0x359f5f]
V  [jvm.dll+0x2d9078]
V  [jvm.dll+0x2d9fe4]
V  [jvm.dll+0x7aca21]
V  [jvm.dll+0x367591]
V  [jvm.dll+0x78b999]
V  [jvm.dll+0x3ec83f]
V  [jvm.dll+0x3ee471]
C  [jli.dll+0x5297]
C  [ucrtbase.dll+0x29333]
C  [KERNEL32.DLL+0x1259d]
C  [ntdll.dll+0x5af78]


---------------  P R O C E S S  ---------------

Threads class SMR info:
_java_thread_list=0x00007ffec2fd7a18, length=0, elements={
}

Java Threads: ( => current thread )

Other Threads:
  0x000001704ffef3b0 GCTaskThread "GC Thread#0" [stack: 0x00000051b5400000,0x00000051b5500000] [id=34856]
  0x000001704ffffc40 ConcurrentGCThread "G1 Main Marker" [stack: 0x00000051b5500000,0x00000051b5600000] [id=20800]
  0x0000017050000df0 ConcurrentGCThread "G1 Conc#0" [stack: 0x00000051b5600000,0x00000051b5700000] [id=17000]

[error occurred during error reporting (printing all threads), id 0xc0000005, EXCEPTION_ACCESS_VIOLATION (0xc0000005) at pc=0x00007ffec2809b67]

VM state: not at safepoint (not fully initialized)

VM Mutex/Monitor currently owned by a thread:  ([mutex/lock_event])
[0x000001704ff8d780] Heap_lock - owner thread: 0x000001704ff91120

Heap address: 0x0000000083600000, size: 1994 MB, Compressed Oops mode: 32-bit

CDS archive(s) mapped at: [0x0000000000000000-0x0000000000000000-0x0000000000000000), size 0, SharedBaseAddress: 0x0000000800000000, ArchiveRelocationMode: 1.
Narrow klass base: 0x0000000000000000, Narrow klass shift: 0, Narrow klass range: 0x0

GC Precious Log:
<Empty>

Heap:
 garbage-first heap   total 0K, used 0K [0x0000000083600000, 0x0000000100000000)
  region size 1024K, 0 young (0K), 0 survivors (0K)

[error occurred during error reporting (printing heap information), id 0xc0000005, EXCEPTION_ACCESS_VIOLATION (0xc0000005) at pc=0x00007ffec2bf3859]

GC Heap History (0 events):
No events

Deoptimization events (0 events):
No events

Classes unloaded (0 events):
No events

Classes redefined (0 events):
No events

Internal exceptions (0 events):
No events

VM Operations (0 events):
No events

Events (1 events):
Event: 0.008 Loaded shared library C:\Program Files\Java\jdk-17\bin\java.dll


Dynamic libraries:
0x00007ff6c9f60000 - 0x00007ff6c9f70000 	C:\Program Files\Java\jdk-17\bin\java.exe
0x00007fff64cd0000 - 0x00007fff64ee7000 	C:\WINDOWS\SYSTEM32\ntdll.dll
0x00007fff632f0000 - 0x00007fff633b4000 	C:\WINDOWS\System32\KERNEL32.DLL
0x00007fff62190000 - 0x00007fff62562000 	C:\WINDOWS\System32\KERNELBASE.dll
0x00007fff61dc0000 - 0x00007fff61ed1000 	C:\WINDOWS\System32\ucrtbase.dll
0x00007fff38420000 - 0x00007fff38439000 	C:\Program Files\Java\jdk-17\bin\jli.dll
0x00007fff3e540000 - 0x00007fff3e55b000 	C:\Program Files\Java\jdk-17\bin\VCRUNTIME140.dll
0x00007fff63840000 - 0x00007fff638f1000 	C:\WINDOWS\System32\ADVAPI32.dll
0x00007fff635a0000 - 0x00007fff63647000 	C:\WINDOWS\System32\msvcrt.dll
0x00007fff62f40000 - 0x00007fff62fe8000 	C:\WINDOWS\System32\sechost.dll
0x00007fff620a0000 - 0x00007fff620c8000 	C:\WINDOWS\System32\bcrypt.dll
0x00007fff63470000 - 0x00007fff63584000 	C:\WINDOWS\System32\RPCRT4.dll
0x00007fff63ad0000 - 0x00007fff63c81000 	C:\WINDOWS\System32\USER32.dll
0x00007fff62930000 - 0x00007fff62956000 	C:\WINDOWS\System32\win32u.dll
0x00007fff41140000 - 0x00007fff413db000 	C:\WINDOWS\WinSxS\amd64_microsoft.windows.common-controls_6595b64144ccf1df_6.0.22621.5415_none_270d77d17387d7da\COMCTL32.dll
0x00007fff636c0000 - 0x00007fff636e9000 	C:\WINDOWS\System32\GDI32.dll
0x00007fff62570000 - 0x00007fff62693000 	C:\WINDOWS\System32\gdi32full.dll
0x00007fff62810000 - 0x00007fff628aa000 	C:\WINDOWS\System32\msvcp_win.dll
0x00007fff5b080000 - 0x00007fff5b08a000 	C:\WINDOWS\SYSTEM32\VERSION.dll
0x00007fff637d0000 - 0x00007fff63801000 	C:\WINDOWS\System32\IMM32.DLL
0x00007fff5cf80000 - 0x00007fff5cf8c000 	C:\Program Files\Java\jdk-17\bin\vcruntime140_1.dll
0x00007fff2f6f0000 - 0x00007fff2f77e000 	C:\Program Files\Java\jdk-17\bin\msvcp140.dll
0x00007ffec2520000 - 0x00007ffec3100000 	C:\Program Files\Java\jdk-17\bin\server\jvm.dll
0x00007fff64c10000 - 0x00007fff64c18000 	C:\WINDOWS\System32\PSAPI.DLL
0x00007fff59fc0000 - 0x00007fff59fc9000 	C:\WINDOWS\SYSTEM32\WSOCK32.dll
0x00007fff5d800000 - 0x00007fff5d834000 	C:\WINDOWS\SYSTEM32\WINMM.dll
0x00007fff63190000 - 0x00007fff63201000 	C:\WINDOWS\System32\WS2_32.dll
0x00007fff60eb0000 - 0x00007fff60ec8000 	C:\WINDOWS\SYSTEM32\kernel.appcore.dll
0x00007fff3e380000 - 0x00007fff3e38a000 	C:\Program Files\Java\jdk-17\bin\jimage.dll
0x00007fff5f700000 - 0x00007fff5f933000 	C:\WINDOWS\SYSTEM32\DBGHELP.DLL
0x00007fff63e10000 - 0x00007fff641a3000 	C:\WINDOWS\System32\combase.dll
0x00007fff63210000 - 0x00007fff632e7000 	C:\WINDOWS\System32\OLEAUT32.dll
0x00007fff5a8b0000 - 0x00007fff5a8e2000 	C:\WINDOWS\SYSTEM32\dbgcore.DLL
0x00007fff628b0000 - 0x00007fff6292b000 	C:\WINDOWS\System32\bcryptPrimitives.dll
0x00007fff2faf0000 - 0x00007fff2fb15000 	C:\Program Files\Java\jdk-17\bin\java.dll

dbghelp: loaded successfully - version: 4.0.5 - missing functions: none
symbol engine: initialized successfully - sym options: 0x614 - pdb path: .;C:\Program Files\Java\jdk-17\bin;C:\WINDOWS\SYSTEM32;C:\WINDOWS\WinSxS\amd64_microsoft.windows.common-controls_6595b64144ccf1df_6.0.22621.5415_none_270d77d17387d7da;C:\Program Files\Java\jdk-17\bin\server

VM Arguments:
jvm_args: -XX:+ShowCodeDetailsInExceptionMessages 
java_command: university.management.system.Addstudent
java_class_path (initial): C:\Users\kumar\AppData\Roaming\Code\User\workspaceStorage\2daaccad8861a852ddd1b26c2f2a686c\redhat.java\jdt_ws\myproject_50db1e69\bin;c:\Users\kumar\Downloads\mysql-connector-java-8.0.28.jar;c:\Users\kumar\Downloads\jcalendar-tz-1.3.3-4.jar
Launcher Type: SUN_STANDARD

[Global flags]
     intx CICompilerCount                          = 4                                         {product} {ergonomic}
     uint ConcGCThreads                            = 2                                         {product} {ergonomic}
     uint G1ConcRefinementThreads                  = 8                                         {product} {ergonomic}
   size_t G1HeapRegionSize                         = 1048576                                   {product} {ergonomic}
    uintx GCDrainStackTargetSize                   = 64                                        {product} {ergonomic}
   size_t InitialHeapSize                          = 132120576                                 {product} {ergonomic}
   size_t MarkStackSize                            = 4194304                                   {product} {ergonomic}
   size_t MaxHeapSize                              = 2090860544                                {product} {ergonomic}
   size_t MinHeapDeltaBytes                        = 1048576                                   {product} {ergonomic}
   size_t MinHeapSize                              = 8388608                                   {product} {ergonomic}
    uintx NonNMethodCodeHeapSize                   = 5839372                                {pd product} {ergonomic}
    uintx NonProfiledCodeHeapSize                  = 122909434                              {pd product} {ergonomic}
    uintx ProfiledCodeHeapSize                     = 122909434                              {pd product} {ergonomic}
    uintx ReservedCodeCacheSize                    = 251658240                              {pd product} {ergonomic}
     bool SegmentedCodeCache                       = true                                      {product} {ergonomic}
     bool ShowCodeDetailsInExceptionMessages       = true                                   {manageable} {command line}
   size_t SoftMaxHeapSize                          = 2090860544                             {manageable} {ergonomic}
     bool UseCompressedClassPointers               = true                           {product lp64_product} {ergonomic}
     bool UseCompressedOops                        = true                           {product lp64_product} {ergonomic}
     bool UseG1GC                                  = true                                      {product} {ergonomic}
     bool UseLargePagesIndividualAllocation        = false                                  {pd product} {ergonomic}

Logging:
Log output configuration:
 #0: stdout all=warning uptime,level,tags
 #1: stderr all=off uptime,level,tags

Environment Variables:
JAVA_HOME=C:\Program Files\Java\jdk-23
CLASSPATH=C:\Users\kumar\Downloads\mysql-connector-j-8.0.33\mysql-connector-j-8.0.33
PATH=C:\Program Files\Common Files\Oracle\Java\javapath;C:\Windows\system32;C:\Windows;C:\Windows\System32\Wbem;C:\Windows\System32\WindowsPowerShell\v1.0\;C:\Windows\System32\OpenSSH\;C:\Program Files (x86)\NVIDIA Corporation\PhysX\Common;C:\Program Files\NVIDIA Corporation\NVIDIA NvDLISR;C:\WINDOWS\system32;C:\WINDOWS;C:\WINDOWS\System32\Wbem;C:\WINDOWS\System32\WindowsPowerShell\v1.0\;C:\WINDOWS\System32\OpenSSH\;C:\Program Files\Java\jdk-23\bin;C:\Program Files\nodejs\;C:\Program Files\nodejs;C:\Program Files\Java\jdk-9.0.4\bin;C:\Program Files\Java\jdk-23\bin;C:\Program Files\Git\cmd;C:\Program Files\Git\bin;C:\Program Files\nodejs;C:\Program Files\Java\jdk-24\bin;C:\Program Files\Java\jdk-24;C:\Program Files\Java\jdk-17;C:\Program Files\MySQL\MySQL Shell 8.0\bin\;C:\Users\kumar\AppData\Local\Programs\Python\Python313\Scripts\;C:\Users\kumar\AppData\Local\Programs\Python\Python313\;C:\Users\kumar\AppData\Local\Programs\Python\Launcher\;C:\Users\kumar\AppData\Local\Microsoft\WindowsApps;C:\Users\kumar\AppData\Local\Programs\Microsoft VS Code\bin;C:\MinGW\bin;C:\Users\kumar\AppData\Roaming\npm;c:\Users\kumar\.vscode\extensions\ms-python.debugpy-2025.8.0-win32-x64\bundled\scripts\noConfigScripts
USERNAME=kumar
LANG=en_US.UTF-8
OS=Windows_NT
PROCESSOR_IDENTIFIER=Intel64 Family 6 Model 140 Stepping 2, GenuineIntel



---------------  S Y S T E M  ---------------

OS:
 Windows 11 , 64 bit Build 22621 (10.0.22621.5415)
OS uptime: 4 days 15:46 hours
Hyper-V role detected

CPU: total 8 (initial active 8) (4 cores per cpu, 2 threads per core) family 6 model 140 stepping 2 microcode 0x16, cx8, cmov, fxsr, ht, mmx, 3dnowpref, sse, sse2, sse3, ssse3, sse4.1, sse4.2, popcnt, lzcnt, tsc, tscinvbit, avx, avx2, aes, erms, clmul, bmi1, bmi2, adx, avx512f, avx512dq, avx512cd, avx512bw, avx512vl, sha, fma, vzeroupper, avx512_vpopcntdq, avx512_vpclmulqdq, avx512_vaes, avx512_vnni, clflush, clflushopt, clwb, avx512_vbmi2, avx512_vbmi, hv

Memory: 4k page, system-wide physical 7975M (419M free)
TotalPageFile size 32551M (AvailPageFile size 84M)
current process WorkingSet (physical memory assigned to process): 11M, peak: 11M
current process commit charge ("private bytes"): 60M, peak: 186M

vm_info: Java HotSpot(TM) 64-Bit Server VM (17.0.12+8-LTS-286) for windows-amd64 JRE (17.0.12+8-LTS-286), built on Jun  5 2024 06:46:59 by "mach5one" with MS VC++ 17.6 (VS2022)

END.
