#
# There is insufficient memory for the Java Runtime Environment to continue.
# Native memory allocation (malloc) failed to allocate 32784 bytes for Chunk::new
# Possible reasons:
#   The system is out of physical RAM or swap space
#   The process is running with CompressedOops enabled, and the Java Heap may be blocking the growth of the native heap
# Possible solutions:
#   Reduce memory load on the system
#   Increase physical memory or swap space
#   Check if swap backing store is full
#   Decrease Java heap size (-Xmx/-Xms)
#   Decrease number of Java threads
#   Decrease Java thread stack sizes (-Xss)
#   Set larger code cache with -XX:ReservedCodeCacheSize=
#   JVM is running with Unscaled Compressed Oops mode in which the Java heap is
#     placed in the first 4GB address space. The Java Heap base address is the
#     maximum limit for the native heap growth. Please use -XX:HeapBaseMinAddress
#     to set the Java Heap base and to place the Java Heap above 4GB virtual address.
# This output file may be truncated or incomplete.
#
#  Out of Memory Error (arena.cpp:189), pid=25444, tid=12972
#
# JRE version: Java(TM) SE Runtime Environment (17.0.12+8) (build 17.0.12+8-LTS-286)
# Java VM: Java HotSpot(TM) 64-Bit Server VM (17.0.12+8-LTS-286, mixed mode, sharing, tiered, compressed oops, compressed class ptrs, g1 gc, windows-amd64)
# No core dump will be written. Minidumps are not enabled by default on client versions of Windows
#

---------------  S U M M A R Y ------------

Command Line: -XX:+ShowCodeDetailsInExceptionMessages university.management.system.UpdateTeacher

Host: 11th Gen Intel(R) Core(TM) i5-11320H @ 3.20GHz, 8 cores, 7G,  Windows 11 , 64 bit Build 22621 (10.0.22621.5415)
Time: Wed Jul  2 13:43:07 2025 India Standard Time elapsed time: 4215.249099 seconds (0d 1h 10m 15s)

---------------  T H R E A D  ---------------

Current thread (0x00000200d7802870):  JavaThread "C2 CompilerThread0" daemon [_thread_in_native, id=12972, stack(0x000000abc5200000,0x000000abc5300000)]


Current CompileTask:
C2:4215249 1913       4       java.lang.String::replace (42 bytes)

Stack: [0x000000abc5200000,0x000000abc5300000]
Native frames: (J=compiled Java code, j=interpreted, Vv=VM code, C=native code)
V  [jvm.dll+0x67a04a]
V  [jvm.dll+0x7da4ed]
V  [jvm.dll+0x7dbe33]
V  [jvm.dll+0x7dc4a3]
V  [jvm.dll+0x24508f]
V  [jvm.dll+0xab773]
V  [jvm.dll+0xabd3c]
V  [jvm.dll+0xab884]
V  [jvm.dll+0x658e4c]
V  [jvm.dll+0x58f5aa]
V  [jvm.dll+0x577f3f]
V  [jvm.dll+0x57b593]
V  [jvm.dll+0x57aca9]
V  [jvm.dll+0x57ab90]
V  [jvm.dll+0x57ad17]
V  [jvm.dll+0x57ad17]
V  [jvm.dll+0x57ad17]
V  [jvm.dll+0x57ad17]
V  [jvm.dll+0x57ad17]
V  [jvm.dll+0x57ad17]
V  [jvm.dll+0x57ad17]
V  [jvm.dll+0x58275a]
V  [jvm.dll+0x21f422]
V  [jvm.dll+0x21f81f]
V  [jvm.dll+0x218aa0]
V  [jvm.dll+0x215b65]
V  [jvm.dll+0x1a2960]
V  [jvm.dll+0x22610b]
V  [jvm.dll+0x2242ab]
V  [jvm.dll+0x79075c]
V  [jvm.dll+0x78abea]
V  [jvm.dll+0x678f35]
C  [ucrtbase.dll+0x29333]
C  [KERNEL32.DLL+0x1259d]
C  [ntdll.dll+0x5af78]


---------------  P R O C E S S  ---------------

Threads class SMR info:
_java_thread_list=0x000002011ed5db80, length=17, elements={
0x00000200d77e5c10, 0x00000200d77e67d0, 0x00000200d77fc770, 0x00000200d77fd330,
0x00000200d77ffd00, 0x00000200d78006c0, 0x00000200d7802870, 0x00000200d780f750,
0x00000200d7812070, 0x00000200d7a4f280, 0x00000200d7a56630, 0x00000200d7c5f9e0,
0x00000200d7c4f180, 0x00000200d7c60590, 0x00000200d7cf4f10, 0x000002011ec7eaf0,
0x000002011eb7e6e0
}

Java Threads: ( => current thread )
  0x00000200d77e5c10 JavaThread "Reference Handler" daemon [_thread_blocked, id=11684, stack(0x000000abc4c00000,0x000000abc4d00000)]
  0x00000200d77e67d0 JavaThread "Finalizer" daemon [_thread_blocked, id=36256, stack(0x000000abc4d00000,0x000000abc4e00000)]
  0x00000200d77fc770 JavaThread "Signal Dispatcher" daemon [_thread_blocked, id=30284, stack(0x000000abc4e00000,0x000000abc4f00000)]
  0x00000200d77fd330 JavaThread "Attach Listener" daemon [_thread_blocked, id=36252, stack(0x000000abc4f00000,0x000000abc5000000)]
  0x00000200d77ffd00 JavaThread "Service Thread" daemon [_thread_blocked, id=14448, stack(0x000000abc5000000,0x000000abc5100000)]
  0x00000200d78006c0 JavaThread "Monitor Deflation Thread" daemon [_thread_blocked, id=13604, stack(0x000000abc5100000,0x000000abc5200000)]
=>0x00000200d7802870 JavaThread "C2 CompilerThread0" daemon [_thread_in_native, id=12972, stack(0x000000abc5200000,0x000000abc5300000)]
  0x00000200d780f750 JavaThread "C1 CompilerThread0" daemon [_thread_blocked, id=8956, stack(0x000000abc5300000,0x000000abc5400000)]
  0x00000200d7812070 JavaThread "Sweeper thread" daemon [_thread_blocked, id=20496, stack(0x000000abc5400000,0x000000abc5500000)]
  0x00000200d7a4f280 JavaThread "Notification Thread" daemon [_thread_blocked, id=25024, stack(0x000000abc5500000,0x000000abc5600000)]
  0x00000200d7a56630 JavaThread "Common-Cleaner" daemon [_thread_blocked, id=7772, stack(0x000000abc5700000,0x000000abc5800000)]
  0x00000200d7c5f9e0 JavaThread "Java2D Disposer" daemon [_thread_blocked, id=36432, stack(0x000000abc5800000,0x000000abc5900000)]
  0x00000200d7c4f180 JavaThread "AWT-Shutdown" [_thread_blocked, id=15480, stack(0x000000abc5900000,0x000000abc5a00000)]
  0x00000200d7c60590 JavaThread "AWT-Windows" daemon [_thread_in_native, id=31776, stack(0x000000abc5a00000,0x000000abc5b00000)]
  0x00000200d7cf4f10 JavaThread "mysql-cj-abandoned-connection-cleanup" daemon [_thread_blocked, id=26352, stack(0x000000abc5b00000,0x000000abc5c00000)]
  0x000002011ec7eaf0 JavaThread "AWT-EventQueue-0" [_thread_blocked, id=13552, stack(0x000000abc5d00000,0x000000abc5e00000)]
  0x000002011eb7e6e0 JavaThread "DestroyJavaVM" [_thread_blocked, id=16996, stack(0x000000abc4500000,0x000000abc4600000)]

Other Threads:
  0x00000200d77e1160 VMThread "VM Thread" [stack: 0x000000abc4b00000,0x000000abc4c00000] [id=29412]
  0x00000200d7a53b80 WatcherThread [stack: 0x000000abc5600000,0x000000abc5700000] [id=332]
  0x00000200b982f7e0 GCTaskThread "GC Thread#0" [stack: 0x000000abc4600000,0x000000abc4700000] [id=12236]
  0x00000200b9840070 ConcurrentGCThread "G1 Main Marker" [stack: 0x000000abc4700000,0x000000abc4800000] [id=24340]
  0x00000200b9840a80 ConcurrentGCThread "G1 Conc#0" [stack: 0x000000abc4800000,0x000000abc4900000] [id=34216]
  0x00000200d76a20c0 ConcurrentGCThread "G1 Refine#0" [stack: 0x000000abc4900000,0x000000abc4a00000] [id=36748]
  0x00000200d76a2af0 ConcurrentGCThread "G1 Service" [stack: 0x000000abc4a00000,0x000000abc4b00000] [id=33476]

Threads with active compile tasks:
C2 CompilerThread0  4215305 1913       4       java.lang.String::replace (42 bytes)

VM state: not at safepoint (normal execution)

VM Mutex/Monitor currently owned by a thread: None

Heap address: 0x0000000083600000, size: 1994 MB, Compressed Oops mode: 32-bit

CDS archive(s) mapped at: [0x00000200d8000000-0x00000200d8bd0000-0x00000200d8bd0000), size 12386304, SharedBaseAddress: 0x00000200d8000000, ArchiveRelocationMode: 1.
Compressed class space mapped at: 0x00000200d9000000-0x0000020119000000, reserved size: 1073741824
Narrow klass base: 0x00000200d8000000, Narrow klass shift: 0, Narrow klass range: 0x100000000

GC Precious Log:
 CPUs: 8 total, 8 available
 Memory: 7975M
 Large Page Support: Disabled
 NUMA Support: Disabled
 Compressed Oops: Enabled (32-bit)
 Heap Region Size: 1M
 Heap Min Capacity: 8M
 Heap Initial Capacity: 126M
 Heap Max Capacity: 1994M
 Pre-touch: Disabled
 Parallel Workers: 8
 Concurrent Workers: 2
 Concurrent Refinement Workers: 8
 Periodic GC: Disabled

Heap:
 garbage-first heap   total 129024K, used 24576K [0x0000000083600000, 0x0000000100000000)
  region size 1024K, 22 young (22528K), 0 survivors (0K)
 Metaspace       used 16545K, committed 16768K, reserved 1114112K
  class space    used 1866K, committed 1984K, reserved 1048576K

Heap Regions: E=young(eden), S=young(survivor), O=old, HS=humongous(starts), HC=humongous(continues), CS=collection set, F=free, OA=open archive, CA=closed archive, TAMS=top-at-mark-start (previous, next)
|   0|0x0000000083600000, 0x0000000083700000, 0x0000000083700000|100%|HS|  |TAMS 0x0000000083600000, 0x0000000083600000| Complete 
|   1|0x0000000083700000, 0x0000000083800000, 0x0000000083800000|100%|HC|  |TAMS 0x0000000083700000, 0x0000000083700000| Complete 
|   2|0x0000000083800000, 0x0000000083900000, 0x0000000083900000|100%|HC|  |TAMS 0x0000000083800000, 0x0000000083800000| Complete 
|   3|0x0000000083900000, 0x0000000083a00000, 0x0000000083a00000|100%|HC|  |TAMS 0x0000000083900000, 0x0000000083900000| Complete 
|   4|0x0000000083a00000, 0x0000000083a00000, 0x0000000083b00000|  0%| F|  |TAMS 0x0000000083a00000, 0x0000000083a00000| Untracked 
|   5|0x0000000083b00000, 0x0000000083b00000, 0x0000000083c00000|  0%| F|  |TAMS 0x0000000083b00000, 0x0000000083b00000| Untracked 
|   6|0x0000000083c00000, 0x0000000083c00000, 0x0000000083d00000|  0%| F|  |TAMS 0x0000000083c00000, 0x0000000083c00000| Untracked 
|   7|0x0000000083d00000, 0x0000000083d00000, 0x0000000083e00000|  0%| F|  |TAMS 0x0000000083d00000, 0x0000000083d00000| Untracked 
|   8|0x0000000083e00000, 0x0000000083e00000, 0x0000000083f00000|  0%| F|  |TAMS 0x0000000083e00000, 0x0000000083e00000| Untracked 
|   9|0x0000000083f00000, 0x0000000083f00000, 0x0000000084000000|  0%| F|  |TAMS 0x0000000083f00000, 0x0000000083f00000| Untracked 
|  10|0x0000000084000000, 0x0000000084000000, 0x0000000084100000|  0%| F|  |TAMS 0x0000000084000000, 0x0000000084000000| Untracked 
|  11|0x0000000084100000, 0x0000000084100000, 0x0000000084200000|  0%| F|  |TAMS 0x0000000084100000, 0x0000000084100000| Untracked 
|  12|0x0000000084200000, 0x0000000084200000, 0x0000000084300000|  0%| F|  |TAMS 0x0000000084200000, 0x0000000084200000| Untracked 
|  13|0x0000000084300000, 0x0000000084300000, 0x0000000084400000|  0%| F|  |TAMS 0x0000000084300000, 0x0000000084300000| Untracked 
|  14|0x0000000084400000, 0x0000000084400000, 0x0000000084500000|  0%| F|  |TAMS 0x0000000084400000, 0x0000000084400000| Untracked 
|  15|0x0000000084500000, 0x0000000084500000, 0x0000000084600000|  0%| F|  |TAMS 0x0000000084500000, 0x0000000084500000| Untracked 
|  16|0x0000000084600000, 0x0000000084600000, 0x0000000084700000|  0%| F|  |TAMS 0x0000000084600000, 0x0000000084600000| Untracked 
|  17|0x0000000084700000, 0x0000000084700000, 0x0000000084800000|  0%| F|  |TAMS 0x0000000084700000, 0x0000000084700000| Untracked 
|  18|0x0000000084800000, 0x0000000084800000, 0x0000000084900000|  0%| F|  |TAMS 0x0000000084800000, 0x0000000084800000| Untracked 
|  19|0x0000000084900000, 0x0000000084900000, 0x0000000084a00000|  0%| F|  |TAMS 0x0000000084900000, 0x0000000084900000| Untracked 
|  20|0x0000000084a00000, 0x0000000084a00000, 0x0000000084b00000|  0%| F|  |TAMS 0x0000000084a00000, 0x0000000084a00000| Untracked 
|  21|0x0000000084b00000, 0x0000000084b00000, 0x0000000084c00000|  0%| F|  |TAMS 0x0000000084b00000, 0x0000000084b00000| Untracked 
|  22|0x0000000084c00000, 0x0000000084c00000, 0x0000000084d00000|  0%| F|  |TAMS 0x0000000084c00000, 0x0000000084c00000| Untracked 
|  23|0x0000000084d00000, 0x0000000084d00000, 0x0000000084e00000|  0%| F|  |TAMS 0x0000000084d00000, 0x0000000084d00000| Untracked 
|  24|0x0000000084e00000, 0x0000000084e00000, 0x0000000084f00000|  0%| F|  |TAMS 0x0000000084e00000, 0x0000000084e00000| Untracked 
|  25|0x0000000084f00000, 0x0000000084f00000, 0x0000000085000000|  0%| F|  |TAMS 0x0000000084f00000, 0x0000000084f00000| Untracked 
|  26|0x0000000085000000, 0x0000000085000000, 0x0000000085100000|  0%| F|  |TAMS 0x0000000085000000, 0x0000000085000000| Untracked 
|  27|0x0000000085100000, 0x0000000085100000, 0x0000000085200000|  0%| F|  |TAMS 0x0000000085100000, 0x0000000085100000| Untracked 
|  28|0x0000000085200000, 0x0000000085200000, 0x0000000085300000|  0%| F|  |TAMS 0x0000000085200000, 0x0000000085200000| Untracked 
|  29|0x0000000085300000, 0x0000000085300000, 0x0000000085400000|  0%| F|  |TAMS 0x0000000085300000, 0x0000000085300000| Untracked 
|  30|0x0000000085400000, 0x0000000085400000, 0x0000000085500000|  0%| F|  |TAMS 0x0000000085400000, 0x0000000085400000| Untracked 
|  31|0x0000000085500000, 0x0000000085500000, 0x0000000085600000|  0%| F|  |TAMS 0x0000000085500000, 0x0000000085500000| Untracked 
|  32|0x0000000085600000, 0x0000000085600000, 0x0000000085700000|  0%| F|  |TAMS 0x0000000085600000, 0x0000000085600000| Untracked 
|  33|0x0000000085700000, 0x0000000085700000, 0x0000000085800000|  0%| F|  |TAMS 0x0000000085700000, 0x0000000085700000| Untracked 
|  34|0x0000000085800000, 0x0000000085800000, 0x0000000085900000|  0%| F|  |TAMS 0x0000000085800000, 0x0000000085800000| Untracked 
|  35|0x0000000085900000, 0x0000000085900000, 0x0000000085a00000|  0%| F|  |TAMS 0x0000000085900000, 0x0000000085900000| Untracked 
|  36|0x0000000085a00000, 0x0000000085a00000, 0x0000000085b00000|  0%| F|  |TAMS 0x0000000085a00000, 0x0000000085a00000| Untracked 
|  37|0x0000000085b00000, 0x0000000085b00000, 0x0000000085c00000|  0%| F|  |TAMS 0x0000000085b00000, 0x0000000085b00000| Untracked 
|  38|0x0000000085c00000, 0x0000000085c00000, 0x0000000085d00000|  0%| F|  |TAMS 0x0000000085c00000, 0x0000000085c00000| Untracked 
|  39|0x0000000085d00000, 0x0000000085d00000, 0x0000000085e00000|  0%| F|  |TAMS 0x0000000085d00000, 0x0000000085d00000| Untracked 
|  40|0x0000000085e00000, 0x0000000085e00000, 0x0000000085f00000|  0%| F|  |TAMS 0x0000000085e00000, 0x0000000085e00000| Untracked 
|  41|0x0000000085f00000, 0x0000000085f00000, 0x0000000086000000|  0%| F|  |TAMS 0x0000000085f00000, 0x0000000085f00000| Untracked 
|  42|0x0000000086000000, 0x0000000086000000, 0x0000000086100000|  0%| F|  |TAMS 0x0000000086000000, 0x0000000086000000| Untracked 
|  43|0x0000000086100000, 0x0000000086100000, 0x0000000086200000|  0%| F|  |TAMS 0x0000000086100000, 0x0000000086100000| Untracked 
|  44|0x0000000086200000, 0x0000000086200000, 0x0000000086300000|  0%| F|  |TAMS 0x0000000086200000, 0x0000000086200000| Untracked 
|  45|0x0000000086300000, 0x0000000086300000, 0x0000000086400000|  0%| F|  |TAMS 0x0000000086300000, 0x0000000086300000| Untracked 
|  46|0x0000000086400000, 0x0000000086400000, 0x0000000086500000|  0%| F|  |TAMS 0x0000000086400000, 0x0000000086400000| Untracked 
|  47|0x0000000086500000, 0x0000000086500000, 0x0000000086600000|  0%| F|  |TAMS 0x0000000086500000, 0x0000000086500000| Untracked 
|  48|0x0000000086600000, 0x0000000086600000, 0x0000000086700000|  0%| F|  |TAMS 0x0000000086600000, 0x0000000086600000| Untracked 
|  49|0x0000000086700000, 0x0000000086700000, 0x0000000086800000|  0%| F|  |TAMS 0x0000000086700000, 0x0000000086700000| Untracked 
|  50|0x0000000086800000, 0x0000000086800000, 0x0000000086900000|  0%| F|  |TAMS 0x0000000086800000, 0x0000000086800000| Untracked 
|  51|0x0000000086900000, 0x0000000086900000, 0x0000000086a00000|  0%| F|  |TAMS 0x0000000086900000, 0x0000000086900000| Untracked 
|  52|0x0000000086a00000, 0x0000000086a00000, 0x0000000086b00000|  0%| F|  |TAMS 0x0000000086a00000, 0x0000000086a00000| Untracked 
|  53|0x0000000086b00000, 0x0000000086b00000, 0x0000000086c00000|  0%| F|  |TAMS 0x0000000086b00000, 0x0000000086b00000| Untracked 
|  54|0x0000000086c00000, 0x0000000086c00000, 0x0000000086d00000|  0%| F|  |TAMS 0x0000000086c00000, 0x0000000086c00000| Untracked 
|  55|0x0000000086d00000, 0x0000000086d00000, 0x0000000086e00000|  0%| F|  |TAMS 0x0000000086d00000, 0x0000000086d00000| Untracked 
|  56|0x0000000086e00000, 0x0000000086e00000, 0x0000000086f00000|  0%| F|  |TAMS 0x0000000086e00000, 0x0000000086e00000| Untracked 
|  57|0x0000000086f00000, 0x0000000086f00000, 0x0000000087000000|  0%| F|  |TAMS 0x0000000086f00000, 0x0000000086f00000| Untracked 
|  58|0x0000000087000000, 0x0000000087000000, 0x0000000087100000|  0%| F|  |TAMS 0x0000000087000000, 0x0000000087000000| Untracked 
|  59|0x0000000087100000, 0x0000000087100000, 0x0000000087200000|  0%| F|  |TAMS 0x0000000087100000, 0x0000000087100000| Untracked 
|  60|0x0000000087200000, 0x0000000087200000, 0x0000000087300000|  0%| F|  |TAMS 0x0000000087200000, 0x0000000087200000| Untracked 
|  61|0x0000000087300000, 0x0000000087300000, 0x0000000087400000|  0%| F|  |TAMS 0x0000000087300000, 0x0000000087300000| Untracked 
|  62|0x0000000087400000, 0x0000000087400000, 0x0000000087500000|  0%| F|  |TAMS 0x0000000087400000, 0x0000000087400000| Untracked 
|  63|0x0000000087500000, 0x0000000087500000, 0x0000000087600000|  0%| F|  |TAMS 0x0000000087500000, 0x0000000087500000| Untracked 
|  64|0x0000000087600000, 0x0000000087600000, 0x0000000087700000|  0%| F|  |TAMS 0x0000000087600000, 0x0000000087600000| Untracked 
|  65|0x0000000087700000, 0x0000000087700000, 0x0000000087800000|  0%| F|  |TAMS 0x0000000087700000, 0x0000000087700000| Untracked 
|  66|0x0000000087800000, 0x0000000087800000, 0x0000000087900000|  0%| F|  |TAMS 0x0000000087800000, 0x0000000087800000| Untracked 
|  67|0x0000000087900000, 0x0000000087900000, 0x0000000087a00000|  0%| F|  |TAMS 0x0000000087900000, 0x0000000087900000| Untracked 
|  68|0x0000000087a00000, 0x0000000087a00000, 0x0000000087b00000|  0%| F|  |TAMS 0x0000000087a00000, 0x0000000087a00000| Untracked 
|  69|0x0000000087b00000, 0x0000000087b00000, 0x0000000087c00000|  0%| F|  |TAMS 0x0000000087b00000, 0x0000000087b00000| Untracked 
|  70|0x0000000087c00000, 0x0000000087c00000, 0x0000000087d00000|  0%| F|  |TAMS 0x0000000087c00000, 0x0000000087c00000| Untracked 
|  71|0x0000000087d00000, 0x0000000087d00000, 0x0000000087e00000|  0%| F|  |TAMS 0x0000000087d00000, 0x0000000087d00000| Untracked 
|  72|0x0000000087e00000, 0x0000000087e00000, 0x0000000087f00000|  0%| F|  |TAMS 0x0000000087e00000, 0x0000000087e00000| Untracked 
|  73|0x0000000087f00000, 0x0000000087f00000, 0x0000000088000000|  0%| F|  |TAMS 0x0000000087f00000, 0x0000000087f00000| Untracked 
|  74|0x0000000088000000, 0x0000000088000000, 0x0000000088100000|  0%| F|  |TAMS 0x0000000088000000, 0x0000000088000000| Untracked 
|  75|0x0000000088100000, 0x0000000088100000, 0x0000000088200000|  0%| F|  |TAMS 0x0000000088100000, 0x0000000088100000| Untracked 
|  76|0x0000000088200000, 0x0000000088200000, 0x0000000088300000|  0%| F|  |TAMS 0x0000000088200000, 0x0000000088200000| Untracked 
|  77|0x0000000088300000, 0x0000000088300000, 0x0000000088400000|  0%| F|  |TAMS 0x0000000088300000, 0x0000000088300000| Untracked 
|  78|0x0000000088400000, 0x0000000088400000, 0x0000000088500000|  0%| F|  |TAMS 0x0000000088400000, 0x0000000088400000| Untracked 
|  79|0x0000000088500000, 0x0000000088500000, 0x0000000088600000|  0%| F|  |TAMS 0x0000000088500000, 0x0000000088500000| Untracked 
|  80|0x0000000088600000, 0x0000000088600000, 0x0000000088700000|  0%| F|  |TAMS 0x0000000088600000, 0x0000000088600000| Untracked 
|  81|0x0000000088700000, 0x0000000088700000, 0x0000000088800000|  0%| F|  |TAMS 0x0000000088700000, 0x0000000088700000| Untracked 
|  82|0x0000000088800000, 0x0000000088800000, 0x0000000088900000|  0%| F|  |TAMS 0x0000000088800000, 0x0000000088800000| Untracked 
|  83|0x0000000088900000, 0x0000000088900000, 0x0000000088a00000|  0%| F|  |TAMS 0x0000000088900000, 0x0000000088900000| Untracked 
|  84|0x0000000088a00000, 0x0000000088a00000, 0x0000000088b00000|  0%| F|  |TAMS 0x0000000088a00000, 0x0000000088a00000| Untracked 
|  85|0x0000000088b00000, 0x0000000088b00000, 0x0000000088c00000|  0%| F|  |TAMS 0x0000000088b00000, 0x0000000088b00000| Untracked 
|  86|0x0000000088c00000, 0x0000000088c00000, 0x0000000088d00000|  0%| F|  |TAMS 0x0000000088c00000, 0x0000000088c00000| Untracked 
|  87|0x0000000088d00000, 0x0000000088d00000, 0x0000000088e00000|  0%| F|  |TAMS 0x0000000088d00000, 0x0000000088d00000| Untracked 
|  88|0x0000000088e00000, 0x0000000088e00000, 0x0000000088f00000|  0%| F|  |TAMS 0x0000000088e00000, 0x0000000088e00000| Untracked 
|  89|0x0000000088f00000, 0x0000000088f00000, 0x0000000089000000|  0%| F|  |TAMS 0x0000000088f00000, 0x0000000088f00000| Untracked 
|  90|0x0000000089000000, 0x0000000089000000, 0x0000000089100000|  0%| F|  |TAMS 0x0000000089000000, 0x0000000089000000| Untracked 
|  91|0x0000000089100000, 0x0000000089100000, 0x0000000089200000|  0%| F|  |TAMS 0x0000000089100000, 0x0000000089100000| Untracked 
|  92|0x0000000089200000, 0x0000000089200000, 0x0000000089300000|  0%| F|  |TAMS 0x0000000089200000, 0x0000000089200000| Untracked 
|  93|0x0000000089300000, 0x0000000089300000, 0x0000000089400000|  0%| F|  |TAMS 0x0000000089300000, 0x0000000089300000| Untracked 
|  94|0x0000000089400000, 0x0000000089400000, 0x0000000089500000|  0%| F|  |TAMS 0x0000000089400000, 0x0000000089400000| Untracked 
|  95|0x0000000089500000, 0x0000000089500000, 0x0000000089600000|  0%| F|  |TAMS 0x0000000089500000, 0x0000000089500000| Untracked 
|  96|0x0000000089600000, 0x0000000089600000, 0x0000000089700000|  0%| F|  |TAMS 0x0000000089600000, 0x0000000089600000| Untracked 
|  97|0x0000000089700000, 0x0000000089700000, 0x0000000089800000|  0%| F|  |TAMS 0x0000000089700000, 0x0000000089700000| Untracked 
|  98|0x0000000089800000, 0x0000000089800000, 0x0000000089900000|  0%| F|  |TAMS 0x0000000089800000, 0x0000000089800000| Untracked 
|  99|0x0000000089900000, 0x0000000089900000, 0x0000000089a00000|  0%| F|  |TAMS 0x0000000089900000, 0x0000000089900000| Untracked 
| 100|0x0000000089a00000, 0x0000000089a00000, 0x0000000089b00000|  0%| F|  |TAMS 0x0000000089a00000, 0x0000000089a00000| Untracked 
| 101|0x0000000089b00000, 0x0000000089b00000, 0x0000000089c00000|  0%| F|  |TAMS 0x0000000089b00000, 0x0000000089b00000| Untracked 
| 102|0x0000000089c00000, 0x0000000089c00000, 0x0000000089d00000|  0%| F|  |TAMS 0x0000000089c00000, 0x0000000089c00000| Untracked 
| 103|0x0000000089d00000, 0x0000000089d00000, 0x0000000089e00000|  0%| F|  |TAMS 0x0000000089d00000, 0x0000000089d00000| Untracked 
| 104|0x0000000089e00000, 0x0000000089e764c0, 0x0000000089f00000| 46%| E|  |TAMS 0x0000000089e00000, 0x0000000089e00000| Complete 
| 105|0x0000000089f00000, 0x000000008a000000, 0x000000008a000000|100%| E|CS|TAMS 0x0000000089f00000, 0x0000000089f00000| Complete 
| 106|0x000000008a000000, 0x000000008a100000, 0x000000008a100000|100%| E|CS|TAMS 0x000000008a000000, 0x000000008a000000| Complete 
| 107|0x000000008a100000, 0x000000008a200000, 0x000000008a200000|100%| E|CS|TAMS 0x000000008a100000, 0x000000008a100000| Complete 
| 108|0x000000008a200000, 0x000000008a300000, 0x000000008a300000|100%| E|CS|TAMS 0x000000008a200000, 0x000000008a200000| Complete 
| 109|0x000000008a300000, 0x000000008a400000, 0x000000008a400000|100%| E|CS|TAMS 0x000000008a300000, 0x000000008a300000| Complete 
| 110|0x000000008a400000, 0x000000008a500000, 0x000000008a500000|100%| E|CS|TAMS 0x000000008a400000, 0x000000008a400000| Complete 
| 111|0x000000008a500000, 0x000000008a600000, 0x000000008a600000|100%| E|CS|TAMS 0x000000008a500000, 0x000000008a500000| Complete 
| 112|0x000000008a600000, 0x000000008a700000, 0x000000008a700000|100%| E|CS|TAMS 0x000000008a600000, 0x000000008a600000| Complete 
| 113|0x000000008a700000, 0x000000008a800000, 0x000000008a800000|100%| E|CS|TAMS 0x000000008a700000, 0x000000008a700000| Complete 
| 114|0x000000008a800000, 0x000000008a900000, 0x000000008a900000|100%| E|CS|TAMS 0x000000008a800000, 0x000000008a800000| Complete 
| 115|0x000000008a900000, 0x000000008aa00000, 0x000000008aa00000|100%| E|CS|TAMS 0x000000008a900000, 0x000000008a900000| Complete 
| 116|0x000000008aa00000, 0x000000008ab00000, 0x000000008ab00000|100%| E|CS|TAMS 0x000000008aa00000, 0x000000008aa00000| Complete 
| 117|0x000000008ab00000, 0x000000008ac00000, 0x000000008ac00000|100%| E|  |TAMS 0x000000008ab00000, 0x000000008ab00000| Complete 
| 118|0x000000008ac00000, 0x000000008ad00000, 0x000000008ad00000|100%| E|CS|TAMS 0x000000008ac00000, 0x000000008ac00000| Complete 
| 119|0x000000008ad00000, 0x000000008ae00000, 0x000000008ae00000|100%| E|CS|TAMS 0x000000008ad00000, 0x000000008ad00000| Complete 
| 120|0x000000008ae00000, 0x000000008af00000, 0x000000008af00000|100%| E|CS|TAMS 0x000000008ae00000, 0x000000008ae00000| Complete 
| 121|0x000000008af00000, 0x000000008b000000, 0x000000008b000000|100%| E|CS|TAMS 0x000000008af00000, 0x000000008af00000| Complete 
| 122|0x000000008b000000, 0x000000008b100000, 0x000000008b100000|100%| E|CS|TAMS 0x000000008b000000, 0x000000008b000000| Complete 
| 123|0x000000008b100000, 0x000000008b200000, 0x000000008b200000|100%| E|CS|TAMS 0x000000008b100000, 0x000000008b100000| Complete 
| 124|0x000000008b200000, 0x000000008b300000, 0x000000008b300000|100%| E|CS|TAMS 0x000000008b200000, 0x000000008b200000| Complete 
| 125|0x000000008b300000, 0x000000008b400000, 0x000000008b400000|100%| E|CS|TAMS 0x000000008b300000, 0x000000008b300000| Complete 

Card table byte_map: [0x00000200d07b0000,0x00000200d0ba0000] _byte_map_base: 0x00000200d0395000

Marking Bits (Prev, Next): (CMBitMap*) 0x00000200b982fe00, (CMBitMap*) 0x00000200b982fe40
 Prev Bits: [0x00000200d0f90000, 0x00000200d2eb8000)
 Next Bits: [0x00000200d2ec0000, 0x00000200d4de8000)

Polling page: 0x00000200b77d0000

Metaspace:

Usage:
  Non-class:     14.33 MB used.
      Class:      1.82 MB used.
       Both:     16.16 MB used.

Virtual space:
  Non-class space:       64.00 MB reserved,      14.44 MB ( 23%) committed,  1 nodes.
      Class space:        1.00 GB reserved,       1.94 MB ( <1%) committed,  1 nodes.
             Both:        1.06 GB reserved,      16.38 MB (  2%) committed. 

Chunk freelists:
   Non-Class:  1.00 MB
       Class:  14.11 MB
        Both:  15.11 MB

MaxMetaspaceSize: unlimited
CompressedClassSpaceSize: 1.00 GB
Initial GC threshold: 21.00 MB
Current GC threshold: 21.00 MB
CDS: on
MetaspaceReclaimPolicy: balanced
 - commit_granule_bytes: 65536.
 - commit_granule_words: 8192.
 - virtual_space_node_default_size: 8388608.
 - enlarge_chunks_in_place: 1.
 - new_chunks_are_fully_committed: 0.
 - uncommit_free_chunks: 1.
 - use_allocation_guard: 0.
 - handle_deallocations: 1.


Internal statistics:

num_allocs_failed_limit: 0.
num_arena_births: 152.
num_arena_deaths: 0.
num_vsnodes_births: 2.
num_vsnodes_deaths: 0.
num_space_committed: 262.
num_space_uncommitted: 0.
num_chunks_returned_to_freelist: 0.
num_chunks_taken_from_freelist: 354.
num_chunk_merges: 0.
num_chunk_splits: 208.
num_chunks_enlarged: 108.
num_inconsistent_stats: 0.

CodeHeap 'non-profiled nmethods': size=120000Kb used=604Kb max_used=604Kb free=119395Kb
 bounds [0x00000200c8b60000, 0x00000200c8dd0000, 0x00000200d0090000]
CodeHeap 'profiled nmethods': size=120000Kb used=3509Kb max_used=3509Kb free=116490Kb
 bounds [0x00000200c1090000, 0x00000200c1400000, 0x00000200c85c0000]
CodeHeap 'non-nmethods': size=5760Kb used=1358Kb max_used=1376Kb free=4401Kb
 bounds [0x00000200c85c0000, 0x00000200c8830000, 0x00000200c8b60000]
 total_blobs=2601 nmethods=1912 adapters=602
 compilation: enabled
              stopped_count=0, restarted_count=0
 full_count=0

Compilation events (20 events):
Event: 1202.018 Thread 0x00000200d780f750 nmethod 1902 0x00000200c13f7d10 code [0x00000200c13f7f20, 0x00000200c13f8768]
Event: 1202.018 Thread 0x00000200d780f750 1903       3       java.awt.Font::equals (131 bytes)
Event: 1202.045 Thread 0x00000200d780f750 nmethod 1903 0x00000200c13f8a10 code [0x00000200c13f8c40, 0x00000200c13f93c8]
Event: 1202.046 Thread 0x00000200d780f750 1904       3       java.awt.EventQueue::uncacheEQItem (53 bytes)
Event: 1202.082 Thread 0x00000200d780f750 nmethod 1904 0x00000200c13f9590 code [0x00000200c13f9780, 0x00000200c13f9e88]
Event: 1232.154 Thread 0x00000200d780f750 1905       3       jdk.internal.loader.URLClassPath$FileLoader::findResource (18 bytes)
Event: 1232.157 Thread 0x00000200d780f750 nmethod 1905 0x00000200c13fa010 code [0x00000200c13fa1c0, 0x00000200c13fa438]
Event: 1277.185 Thread 0x00000200d780f750 1906   !   3       com.mysql.cj.jdbc.AbandonedConnectionCleanupThread::checkThreadContextClassLoader (20 bytes)
Event: 1277.192 Thread 0x00000200d780f750 nmethod 1906 0x00000200c13fa510 code [0x00000200c13fa7a0, 0x00000200c13fb6d8]
Event: 1282.188 Thread 0x00000200d780f750 1907   !   3       jdk.internal.loader.URLClassPath::check (125 bytes)
Event: 1282.195 Thread 0x00000200d780f750 nmethod 1907 0x00000200c13fbd10 code [0x00000200c13fbfc0, 0x00000200c13fcfe8]
Event: 1496.087 Thread 0x00000200d7802870 1908       4       java.util.HashMap::putVal (300 bytes)
Event: 1496.147 Thread 0x00000200d7802870 nmethod 1908 0x00000200c8bf4690 code [0x00000200c8bf48a0, 0x00000200c8bf55f0]
Event: 1906.453 Thread 0x00000200d7802870 1909       4       java.lang.ref.SoftReference::get (29 bytes)
Event: 1906.456 Thread 0x00000200d7802870 nmethod 1909 0x00000200c8bf5e10 code [0x00000200c8bf5f80, 0x00000200c8bf6078]
Event: 2792.889 Thread 0x00000200d7802870 1910       4       java.io.WinNTFileSystem::normalize (143 bytes)
Event: 2792.899 Thread 0x00000200d7802870 nmethod 1910 0x00000200c8bf6110 code [0x00000200c8bf62c0, 0x00000200c8bf6568]
Event: 3073.343 Thread 0x00000200d7802870 1912       4       sun.net.www.ParseUtil::firstEncodeIndex (86 bytes)
Event: 3073.345 Thread 0x00000200d7802870 nmethod 1912 0x00000200c8bf6b90 code [0x00000200c8bf6d20, 0x00000200c8bf6f18]
Event: 4215.227 Thread 0x00000200d7802870 1913       4       java.lang.String::replace (42 bytes)

GC Heap History (0 events):
No events

Deoptimization events (20 events):
Event: 0.723 Thread 0x00000200b97d3890 Uncommon trap: trap_request=0xffffff45 fr.pc=0x00000200c8b84244 relative=0x0000000000000344
Event: 0.723 Thread 0x00000200b97d3890 Uncommon trap: reason=unstable_if action=reinterpret pc=0x00000200c8b84244 method=java.lang.StringUTF16.compress([CI[BII)I @ 20 c2
Event: 0.723 Thread 0x00000200b97d3890 DEOPT PACKING pc=0x00000200c8b84244 sp=0x000000abc45fdb30
Event: 0.723 Thread 0x00000200b97d3890 DEOPT UNPACKING pc=0x00000200c8615ba3 sp=0x000000abc45fdab0 mode 2
Event: 0.729 Thread 0x00000200b97d3890 Uncommon trap: trap_request=0xffffff45 fr.pc=0x00000200c8bb9554 relative=0x00000000000001b4
Event: 0.729 Thread 0x00000200b97d3890 Uncommon trap: reason=unstable_if action=reinterpret pc=0x00000200c8bb9554 method=java.lang.String.indexOf(II)I @ 4 c2
Event: 0.729 Thread 0x00000200b97d3890 DEOPT PACKING pc=0x00000200c8bb9554 sp=0x000000abc45fd420
Event: 0.729 Thread 0x00000200b97d3890 DEOPT UNPACKING pc=0x00000200c8615ba3 sp=0x000000abc45fd3c0 mode 2
Event: 0.729 Thread 0x00000200b97d3890 Uncommon trap: trap_request=0xffffff45 fr.pc=0x00000200c8ba8610 relative=0x00000000000004f0
Event: 0.729 Thread 0x00000200b97d3890 Uncommon trap: reason=unstable_if action=reinterpret pc=0x00000200c8ba8610 method=java.lang.String.substring(II)Ljava/lang/String; @ 31 c2
Event: 0.729 Thread 0x00000200b97d3890 DEOPT PACKING pc=0x00000200c8ba8610 sp=0x000000abc45fd3d0
Event: 0.729 Thread 0x00000200b97d3890 DEOPT UNPACKING pc=0x00000200c8615ba3 sp=0x000000abc45fd3a0 mode 2
Event: 0.729 Thread 0x00000200b97d3890 Uncommon trap: trap_request=0xffffff45 fr.pc=0x00000200c8bcd0f8 relative=0x0000000000000178
Event: 0.729 Thread 0x00000200b97d3890 Uncommon trap: reason=unstable_if action=reinterpret pc=0x00000200c8bcd0f8 method=java.lang.String.indexOf(II)I @ 4 c2
Event: 0.729 Thread 0x00000200b97d3890 DEOPT PACKING pc=0x00000200c8bcd0f8 sp=0x000000abc45fd340
Event: 0.729 Thread 0x00000200b97d3890 DEOPT UNPACKING pc=0x00000200c8615ba3 sp=0x000000abc45fd270 mode 2
Event: 0.741 Thread 0x00000200b97d3890 DEOPT PACKING pc=0x00000200c13475e2 sp=0x000000abc45feb00
Event: 0.741 Thread 0x00000200b97d3890 DEOPT UNPACKING pc=0x00000200c86166e3 sp=0x000000abc45fdf90 mode 3
Event: 0.741 Thread 0x000002011ec7eaf0 DEOPT PACKING pc=0x00000200c1346fb1 sp=0x000000abc5dff0d0
Event: 0.741 Thread 0x000002011ec7eaf0 DEOPT UNPACKING pc=0x00000200c86166e3 sp=0x000000abc5dfe528 mode 3

Classes unloaded (0 events):
No events

Classes redefined (0 events):
No events

Internal exceptions (20 events):
Event: 0.161 Thread 0x00000200b97d3890 Exception <a 'java/lang/NoSuchMethodError'{0x000000008b012330}: 'void java.lang.invoke.DirectMethodHandle$Holder.invokeSpecial(java.lang.Object, java.lang.Object, java.lang.Object)'> (0x000000008b012330) 
thrown [s\open\src\hotspot\share\interpreter\linkResolver.cpp, line 759]
Event: 0.165 Thread 0x00000200b97d3890 Exception <a 'java/lang/NoSuchMethodError'{0x000000008b03c4d0}: 'java.lang.Object java.lang.invoke.DirectMethodHandle$Holder.newInvokeSpecial(java.lang.Object, java.lang.Object, java.lang.Object, java.lang.Object, java.lang.Object)'> (0x000000008b03c4d0) 
thrown [s\open\src\hotspot\share\interpreter\linkResolver.cpp, line 759]
Event: 0.166 Thread 0x00000200b97d3890 Exception <a 'java/lang/NoSuchMethodError'{0x000000008b047e98}: 'java.lang.Object java.lang.invoke.DirectMethodHandle$Holder.invokeStatic(java.lang.Object, int, java.lang.Object, java.lang.Object, java.lang.Object, java.lang.Object)'> (0x000000008b047e98) 
thrown [s\open\src\hotspot\share\interpreter\linkResolver.cpp, line 759]
Event: 0.168 Thread 0x00000200b97d3890 Exception <a 'java/lang/NoSuchMethodError'{0x000000008b06d658}: 'java.lang.Object java.lang.invoke.DirectMethodHandle$Holder.invokeStatic(java.lang.Object, int, java.lang.Object)'> (0x000000008b06d658) 
thrown [s\open\src\hotspot\share\interpreter\linkResolver.cpp, line 759]
Event: 0.184 Thread 0x00000200b97d3890 Exception <a 'java/lang/ClassNotFoundException'{0x000000008af25748}: com/sun/swing/internal/plaf/metal/resources/spi/metalProvider> (0x000000008af25748) 
thrown [s\open\src\hotspot\share\classfile\systemDictionary.cpp, line 256]
Event: 0.185 Thread 0x00000200b97d3890 Exception <a 'java/lang/ClassNotFoundException'{0x000000008af295d0}: com/sun/swing/internal/plaf/basic/resources/spi/basicProvider> (0x000000008af295d0) 
thrown [s\open\src\hotspot\share\classfile\systemDictionary.cpp, line 256]
Event: 0.221 Thread 0x00000200b97d3890 Exception <a 'java/lang/NoSuchMethodError'{0x000000008aeabc98}: 'java.lang.Object java.lang.invoke.DirectMethodHandle$Holder.invokeInterface(java.lang.Object, java.lang.Object)'> (0x000000008aeabc98) 
thrown [s\open\src\hotspot\share\interpreter\linkResolver.cpp, line 759]
Event: 0.237 Thread 0x00000200b97d3890 Exception <a 'java/lang/NoSuchMethodError'{0x000000008ad326f8}: 'void java.lang.invoke.DirectMethodHandle$Holder.invokeStatic(java.lang.Object, java.lang.Object, java.lang.Object)'> (0x000000008ad326f8) 
thrown [s\open\src\hotspot\share\interpreter\linkResolver.cpp, line 759]
Event: 0.238 Thread 0x00000200b97d3890 Exception <a 'java/lang/NoSuchMethodError'{0x000000008ad3c9c0}: 'java.lang.Object java.lang.invoke.DirectMethodHandle$Holder.invokeVirtual(java.lang.Object, java.lang.Object, java.lang.Object)'> (0x000000008ad3c9c0) 
thrown [s\open\src\hotspot\share\interpreter\linkResolver.cpp, line 759]
Event: 0.329 Thread 0x00000200b97d3890 Exception <a 'java/lang/NoSuchMethodError'{0x000000008aa7b108}: 'void java.lang.invoke.DirectMethodHandle$Holder.invokeStatic(java.lang.Object, java.lang.Object)'> (0x000000008aa7b108) 
thrown [s\open\src\hotspot\share\interpreter\linkResolver.cpp, line 759]
Event: 0.385 Thread 0x00000200b97d3890 Exception <a 'java/lang/NoSuchMethodError'{0x000000008a8987f8}: 'void java.lang.invoke.DirectMethodHandle$Holder.invokeStaticInit(java.lang.Object, java.lang.Object)'> (0x000000008a8987f8) 
thrown [s\open\src\hotspot\share\interpreter\linkResolver.cpp, line 759]
Event: 0.422 Thread 0x00000200b97d3890 Exception <a 'sun/nio/fs/WindowsException'{0x000000008a7bc3d8}> (0x000000008a7bc3d8) 
thrown [s\open\src\hotspot\share\prims\jni.cpp, line 516]
Event: 0.434 Thread 0x00000200b97d3890 Exception <a 'java/lang/NoSuchMethodError'{0x000000008a7e3c50}: 'int java.lang.invoke.DirectMethodHandle$Holder.invokeStaticInit(java.lang.Object, java.lang.Object, java.lang.Object, java.lang.Object)'> (0x000000008a7e3c50) 
thrown [s\open\src\hotspot\share\interpreter\linkResolver.cpp, line 759]
Event: 0.435 Thread 0x00000200b97d3890 Exception <a 'java/lang/IncompatibleClassChangeError'{0x000000008a7ed220}: Found class java.lang.Object, but interface was expected> (0x000000008a7ed220) 
thrown [s\open\src\hotspot\share\interpreter\linkResolver.cpp, line 826]
Event: 0.436 Thread 0x00000200b97d3890 Exception <a 'java/lang/NoSuchMethodError'{0x000000008a7f30d0}: 'int java.lang.invoke.DirectMethodHandle$Holder.invokeStaticInit(java.lang.Object, java.lang.Object)'> (0x000000008a7f30d0) 
thrown [s\open\src\hotspot\share\interpreter\linkResolver.cpp, line 759]
Event: 0.460 Thread 0x00000200b97d3890 Exception <a 'java/lang/NoSuchMethodError'{0x000000008a6b5150}: 'java.lang.Object java.lang.invoke.DirectMethodHandle$Holder.invokeStaticInit(java.lang.Object, int, int, int, int)'> (0x000000008a6b5150) 
thrown [s\open\src\hotspot\share\interpreter\linkResolver.cpp, line 759]
Event: 0.488 Thread 0x00000200b97d3890 Exception <a 'java/lang/NoSuchMethodError'{0x000000008a583450}: 'java.lang.Object java.lang.invoke.DirectMethodHandle$Holder.invokeStaticInit(java.lang.Object, java.lang.Object, int, int, int, int)'> (0x000000008a583450) 
thrown [s\open\src\hotspot\share\interpreter\linkResolver.cpp, line 759]
Event: 0.720 Thread 0x00000200b97d3890 Exception <a 'java/io/FileNotFoundException'{0x000000008a1bb4d0}> (0x000000008a1bb4d0) 
thrown [s\open\src\hotspot\share\prims\jni.cpp, line 516]
Event: 0.761 Thread 0x00000200d7c60590 Exception <a 'java/lang/NoSuchMethodError'{0x000000008b1860a0}: 'void java.lang.invoke.DirectMethodHandle$Holder.invokeVirtual(java.lang.Object, java.lang.Object)'> (0x000000008b1860a0) 
thrown [s\open\src\hotspot\share\interpreter\linkResolver.cpp, line 759]
Event: 0.778 Thread 0x00000200b97d3890 Exception <a 'java/lang/NoSuchMethodError'{0x000000008a036948}: 'void java.lang.invoke.DirectMethodHandle$Holder.invokeStaticInit(java.lang.Object)'> (0x000000008a036948) 
thrown [s\open\src\hotspot\share\interpreter\linkResolver.cpp, line 759]

VM Operations (20 events):
Event: 0.732 Executing VM operation: HandshakeAllThreads
Event: 0.732 Executing VM operation: HandshakeAllThreads done
Event: 0.849 Executing VM operation: HandshakeAllThreads
Event: 0.850 Executing VM operation: HandshakeAllThreads done
Event: 1.863 Executing VM operation: Cleanup
Event: 1.863 Executing VM operation: Cleanup done
Event: 13.971 Executing VM operation: Cleanup
Event: 13.971 Executing VM operation: Cleanup done
Event: 40.193 Executing VM operation: Cleanup
Event: 40.193 Executing VM operation: Cleanup done
Event: 60.186 Executing VM operation: HandshakeAllThreads
Event: 60.186 Executing VM operation: HandshakeAllThreads done
Event: 621.588 Executing VM operation: Cleanup
Event: 621.589 Executing VM operation: Cleanup done
Event: 1047.792 Executing VM operation: Cleanup
Event: 1047.792 Executing VM operation: Cleanup done
Event: 1202.373 Executing VM operation: HandshakeAllThreads
Event: 1202.373 Executing VM operation: HandshakeAllThreads done
Event: 1237.547 Executing VM operation: Cleanup
Event: 1237.547 Executing VM operation: Cleanup done

Events (20 events):
Event: 0.991 loading class java/awt/Container$MouseEventTargetFilter done
Event: 0.991 loading class java/awt/LightweightDispatcher$1
Event: 0.991 loading class java/awt/LightweightDispatcher$1 done
Event: 0.991 loading class java/awt/event/AWTEventListenerProxy
Event: 0.991 loading class java/awt/event/AWTEventListenerProxy done
Event: 0.991 loading class java/awt/Toolkit$SelectiveAWTEventListener
Event: 0.991 loading class java/awt/Toolkit$SelectiveAWTEventListener done
Event: 0.991 loading class java/awt/Toolkit$ToolkitEventMulticaster
Event: 0.991 loading class java/awt/Toolkit$ToolkitEventMulticaster done
Event: 0.992 loading class java/awt/event/MouseWheelEvent
Event: 0.992 loading class java/awt/event/MouseWheelEvent done
Event: 0.992 loading class java/awt/event/ContainerEvent
Event: 0.992 loading class java/awt/event/ContainerEvent done
Event: 1.112 Thread 0x00000200d7d53200 Thread exited: 0x00000200d7d53200
Event: 1.271 loading class java/awt/LightweightDispatcher$2
Event: 1.272 loading class java/awt/LightweightDispatcher$2 done
Event: 14.896 loading class java/awt/KeyboardFocusManager$2
Event: 14.896 loading class java/awt/KeyboardFocusManager$2 done
Event: 14.896 loading class sun/awt/SunToolkit$1
Event: 14.896 loading class sun/awt/SunToolkit$1 done


Dynamic libraries:
0x00007ff7687b0000 - 0x00007ff7687c0000 	C:\Program Files\Java\jdk-17\bin\java.exe
0x00007fff64cd0000 - 0x00007fff64ee7000 	C:\WINDOWS\SYSTEM32\ntdll.dll
0x00007fff632f0000 - 0x00007fff633b4000 	C:\WINDOWS\System32\KERNEL32.DLL
0x00007fff62190000 - 0x00007fff62562000 	C:\WINDOWS\System32\KERNELBASE.dll
0x00007fff61dc0000 - 0x00007fff61ed1000 	C:\WINDOWS\System32\ucrtbase.dll
0x00007fff45cd0000 - 0x00007fff45ce9000 	C:\Program Files\Java\jdk-17\bin\jli.dll
0x00007fff43520000 - 0x00007fff4353b000 	C:\Program Files\Java\jdk-17\bin\VCRUNTIME140.dll
0x00007fff63840000 - 0x00007fff638f1000 	C:\WINDOWS\System32\ADVAPI32.dll
0x00007fff635a0000 - 0x00007fff63647000 	C:\WINDOWS\System32\msvcrt.dll
0x00007fff62f40000 - 0x00007fff62fe8000 	C:\WINDOWS\System32\sechost.dll
0x00007fff620a0000 - 0x00007fff620c8000 	C:\WINDOWS\System32\bcrypt.dll
0x00007fff63470000 - 0x00007fff63584000 	C:\WINDOWS\System32\RPCRT4.dll
0x00007fff63ad0000 - 0x00007fff63c81000 	C:\WINDOWS\System32\USER32.dll
0x00007fff62930000 - 0x00007fff62956000 	C:\WINDOWS\System32\win32u.dll
0x00007fff41140000 - 0x00007fff413db000 	C:\WINDOWS\WinSxS\amd64_microsoft.windows.common-controls_6595b64144ccf1df_6.0.22621.5415_none_270d77d17387d7da\COMCTL32.dll
0x00007fff636c0000 - 0x00007fff636e9000 	C:\WINDOWS\System32\GDI32.dll
0x00007fff62570000 - 0x00007fff62693000 	C:\WINDOWS\System32\gdi32full.dll
0x00007fff62810000 - 0x00007fff628aa000 	C:\WINDOWS\System32\msvcp_win.dll
0x00007fff5b080000 - 0x00007fff5b08a000 	C:\WINDOWS\SYSTEM32\VERSION.dll
0x00007fff637d0000 - 0x00007fff63801000 	C:\WINDOWS\System32\IMM32.DLL
0x00007fff4e120000 - 0x00007fff4e12c000 	C:\Program Files\Java\jdk-17\bin\vcruntime140_1.dll
0x00007fff401b0000 - 0x00007fff4023e000 	C:\Program Files\Java\jdk-17\bin\msvcp140.dll
0x00007ffedef40000 - 0x00007ffedfb20000 	C:\Program Files\Java\jdk-17\bin\server\jvm.dll
0x00007fff64c10000 - 0x00007fff64c18000 	C:\WINDOWS\System32\PSAPI.DLL
0x00007fff43e10000 - 0x00007fff43e19000 	C:\WINDOWS\SYSTEM32\WSOCK32.dll
0x00007fff63190000 - 0x00007fff63201000 	C:\WINDOWS\System32\WS2_32.dll
0x00007fff5d800000 - 0x00007fff5d834000 	C:\WINDOWS\SYSTEM32\WINMM.dll
0x00007fff60eb0000 - 0x00007fff60ec8000 	C:\WINDOWS\SYSTEM32\kernel.appcore.dll
0x00007fff43510000 - 0x00007fff4351a000 	C:\Program Files\Java\jdk-17\bin\jimage.dll
0x00007fff5f700000 - 0x00007fff5f933000 	C:\WINDOWS\SYSTEM32\DBGHELP.DLL
0x00007fff63e10000 - 0x00007fff641a3000 	C:\WINDOWS\System32\combase.dll
0x00007fff63210000 - 0x00007fff632e7000 	C:\WINDOWS\System32\OLEAUT32.dll
0x00007fff5a8b0000 - 0x00007fff5a8e2000 	C:\WINDOWS\SYSTEM32\dbgcore.DLL
0x00007fff628b0000 - 0x00007fff6292b000 	C:\WINDOWS\System32\bcryptPrimitives.dll
0x00007fff40f70000 - 0x00007fff40f95000 	C:\Program Files\Java\jdk-17\bin\java.dll
0x00007fff383f0000 - 0x00007fff384c7000 	C:\Program Files\Java\jdk-17\bin\jsvml.dll
0x00007fff641b0000 - 0x00007fff64a52000 	C:\WINDOWS\System32\SHELL32.dll
0x00007fff61f60000 - 0x00007fff6209f000 	C:\WINDOWS\System32\wintypes.dll
0x00007fff5fca0000 - 0x00007fff605be000 	C:\WINDOWS\SYSTEM32\windows.storage.dll
0x00007fff64ae0000 - 0x00007fff64beb000 	C:\WINDOWS\System32\SHCORE.dll
0x00007fff63650000 - 0x00007fff636b9000 	C:\WINDOWS\System32\shlwapi.dll
0x00007fff61cf0000 - 0x00007fff61d1b000 	C:\WINDOWS\SYSTEM32\profapi.dll
0x00007fff434b0000 - 0x00007fff434c9000 	C:\Program Files\Java\jdk-17\bin\net.dll
0x00007fff5e970000 - 0x00007fff5ea9c000 	C:\WINDOWS\SYSTEM32\WINHTTP.dll
0x00007fff61340000 - 0x00007fff613a9000 	C:\WINDOWS\system32\mswsock.dll
0x00007fff40f50000 - 0x00007fff40f66000 	C:\Program Files\Java\jdk-17\bin\nio.dll
0x00007fff40df0000 - 0x00007fff40e08000 	C:\Program Files\Java\jdk-17\bin\zip.dll
0x00007fff2f9e0000 - 0x00007fff2fb71000 	C:\Program Files\Java\jdk-17\bin\awt.dll
0x00007fff5d290000 - 0x00007fff5d328000 	C:\WINDOWS\SYSTEM32\apphelp.dll
0x00007fff5f180000 - 0x00007fff5f1ae000 	C:\WINDOWS\system32\DWMAPI.DLL
0x00007fff5ef10000 - 0x00007fff5efc4000 	C:\WINDOWS\system32\uxtheme.dll
0x00007fff251c0000 - 0x00007fff252c0000 	C:\WINDOWS\system32\opengl32.dll
0x00007fff25150000 - 0x00007fff2517d000 	C:\WINDOWS\SYSTEM32\GLU32.dll
0x00007fff5f020000 - 0x00007fff5f057000 	C:\WINDOWS\SYSTEM32\dxcore.dll
0x00007fff1d660000 - 0x00007fff1d793000 	C:\ProgramData\A-Volute\A-Volute.Nahimic\Modules\Scheduled\x64\AudioDevProps2.dll
0x00007fff62ff0000 - 0x00007fff63190000 	C:\WINDOWS\System32\ole32.dll
0x00007fff62960000 - 0x00007fff62ac0000 	C:\WINDOWS\System32\MSCTF.dll
0x00007fff60900000 - 0x00007fff609f8000 	C:\WINDOWS\SYSTEM32\DNSAPI.dll
0x00007fff60890000 - 0x00007fff608bd000 	C:\WINDOWS\SYSTEM32\IPHLPAPI.DLL
0x00007fff63810000 - 0x00007fff63819000 	C:\WINDOWS\System32\NSI.dll
0x00007fff5d840000 - 0x00007fff5d84a000 	C:\Windows\System32\rasadhlp.dll
0x00007fff5d5a0000 - 0x00007fff5d624000 	C:\WINDOWS\System32\fwpuclnt.dll
0x00007fff615b0000 - 0x00007fff615cb000 	C:\WINDOWS\SYSTEM32\CRYPTSP.dll
0x00007fff60e10000 - 0x00007fff60e47000 	C:\WINDOWS\system32\rsaenh.dll
0x00007fff61450000 - 0x00007fff61478000 	C:\WINDOWS\SYSTEM32\USERENV.dll
0x00007fff615d0000 - 0x00007fff615dc000 	C:\WINDOWS\SYSTEM32\CRYPTBASE.dll
0x00007fff5e090000 - 0x00007fff5e0a9000 	C:\WINDOWS\SYSTEM32\dhcpcsvc6.DLL
0x00007fff5dcd0000 - 0x00007fff5dcef000 	C:\WINDOWS\SYSTEM32\dhcpcsvc.DLL
0x00007fff43410000 - 0x00007fff4341e000 	C:\Program Files\Java\jdk-17\bin\sunmscapi.dll
0x00007fff626a0000 - 0x00007fff62807000 	C:\WINDOWS\System32\CRYPT32.dll
0x00007fff61750000 - 0x00007fff6177d000 	C:\WINDOWS\SYSTEM32\ncrypt.dll
0x00007fff61710000 - 0x00007fff61747000 	C:\WINDOWS\SYSTEM32\NTASN1.dll
0x00007fff381a0000 - 0x00007fff38227000 	C:\Program Files\Java\jdk-17\bin\freetype.dll
0x00007fff2f530000 - 0x00007fff2f611000 	C:\Program Files\Java\jdk-17\bin\fontmanager.dll
0x00007fff633c0000 - 0x00007fff63470000 	C:\WINDOWS\System32\clbcatq.dll
0x00007fff5ec90000 - 0x00007fff5ee40000 	C:\WINDOWS\SYSTEM32\WindowsCodecs.dll
0x00007fff5d540000 - 0x00007fff5d59e000 	C:\WINDOWS\system32\dataexchange.dll
0x00007fff546f0000 - 0x00007fff54996000 	C:\WINDOWS\system32\twinapi.appcore.dll
0x00007fff34690000 - 0x00007fff347d6000 	C:\WINDOWS\SYSTEM32\textinputframework.dll

dbghelp: loaded successfully - version: 4.0.5 - missing functions: none
symbol engine: initialized successfully - sym options: 0x614 - pdb path: .;C:\Program Files\Java\jdk-17\bin;C:\WINDOWS\SYSTEM32;C:\WINDOWS\WinSxS\amd64_microsoft.windows.common-controls_6595b64144ccf1df_6.0.22621.5415_none_270d77d17387d7da;C:\Program Files\Java\jdk-17\bin\server;C:\ProgramData\A-Volute\A-Volute.Nahimic\Modules\Scheduled\x64

VM Arguments:
jvm_args: -XX:+ShowCodeDetailsInExceptionMessages 
java_command: university.management.system.UpdateTeacher
java_class_path (initial): C:\Users\kumar\AppData\Roaming\Code\User\workspaceStorage\2daaccad8861a852ddd1b26c2f2a686c\redhat.java\jdt_ws\myproject_50db1e69\bin;c:\Users\kumar\Downloads\mysql-connector-java-8.0.28.jar;c:\Users\kumar\Downloads\jcalendar-tz-1.3.3-4.jar;c:\Users\kumar\Downloads\rs2xml.jar
Launcher Type: SUN_STANDARD

[Global flags]
     intx CICompilerCount                          = 4                                         {product} {ergonomic}
     uint ConcGCThreads                            = 2                                         {product} {ergonomic}
     uint G1ConcRefinementThreads                  = 8                                         {product} {ergonomic}
   size_t G1HeapRegionSize                         = 1048576                                   {product} {ergonomic}
    uintx GCDrainStackTargetSize                   = 64                                        {product} {ergonomic}
   size_t InitialHeapSize                          = 132120576                                 {product} {ergonomic}
   size_t MarkStackSize                            = 4194304                                   {product} {ergonomic}
   size_t MaxHeapSize                              = 2090860544                                {product} {ergonomic}
   size_t MaxNewSize                               = 1254096896                                {product} {ergonomic}
   size_t MinHeapDeltaBytes                        = 1048576                                   {product} {ergonomic}
   size_t MinHeapSize                              = 8388608                                   {product} {ergonomic}
    uintx NonNMethodCodeHeapSize                   = 5839372                                {pd product} {ergonomic}
    uintx NonProfiledCodeHeapSize                  = 122909434                              {pd product} {ergonomic}
    uintx ProfiledCodeHeapSize                     = 122909434                              {pd product} {ergonomic}
    uintx ReservedCodeCacheSize                    = 251658240                              {pd product} {ergonomic}
     bool SegmentedCodeCache                       = true                                      {product} {ergonomic}
     bool ShowCodeDetailsInExceptionMessages       = true                                   {manageable} {command line}
   size_t SoftMaxHeapSize                          = 2090860544                             {manageable} {ergonomic}
     bool UseCompressedClassPointers               = true                           {product lp64_product} {ergonomic}
     bool UseCompressedOops                        = true                           {product lp64_product} {ergonomic}
     bool UseG1GC                                  = true                                      {product} {ergonomic}
     bool UseLargePagesIndividualAllocation        = false                                  {pd product} {ergonomic}

Logging:
Log output configuration:
 #0: stdout all=warning uptime,level,tags
 #1: stderr all=off uptime,level,tags

Environment Variables:
JAVA_HOME=C:\Program Files\Java\jdk-23
CLASSPATH=C:\Users\kumar\Downloads\mysql-connector-j-8.0.33\mysql-connector-j-8.0.33
PATH=C:\Program Files\Common Files\Oracle\Java\javapath;C:\Windows\system32;C:\Windows;C:\Windows\System32\Wbem;C:\Windows\System32\WindowsPowerShell\v1.0\;C:\Windows\System32\OpenSSH\;C:\Program Files (x86)\NVIDIA Corporation\PhysX\Common;C:\Program Files\NVIDIA Corporation\NVIDIA NvDLISR;C:\WINDOWS\system32;C:\WINDOWS;C:\WINDOWS\System32\Wbem;C:\WINDOWS\System32\WindowsPowerShell\v1.0\;C:\WINDOWS\System32\OpenSSH\;C:\Program Files\Java\jdk-23\bin;C:\Program Files\nodejs\;C:\Program Files\nodejs;C:\Program Files\Java\jdk-9.0.4\bin;C:\Program Files\Java\jdk-23\bin;C:\Program Files\Git\cmd;C:\Program Files\Git\bin;C:\Program Files\nodejs;C:\Program Files\Java\jdk-24\bin;C:\Program Files\Java\jdk-24;C:\Program Files\Java\jdk-17;C:\Program Files\MySQL\MySQL Shell 8.0\bin\;C:\Users\kumar\AppData\Local\Programs\Python\Python313\Scripts\;C:\Users\kumar\AppData\Local\Programs\Python\Python313\;C:\Users\kumar\AppData\Local\Programs\Python\Launcher\;C:\Users\kumar\AppData\Local\Microsoft\WindowsApps;C:\Users\kumar\AppData\Local\Programs\Microsoft VS Code\bin;C:\MinGW\bin;C:\Users\kumar\AppData\Roaming\npm;c:\Users\kumar\.vscode\extensions\ms-python.debugpy-2025.8.0-win32-x64\bundled\scripts\noConfigScripts
USERNAME=kumar
LANG=en_US.UTF-8
OS=Windows_NT
PROCESSOR_IDENTIFIER=Intel64 Family 6 Model 140 Stepping 2, GenuineIntel



---------------  S Y S T E M  ---------------

OS:
 Windows 11 , 64 bit Build 22621 (10.0.22621.5415)
OS uptime: 5 days 19:33 hours
Hyper-V role detected

CPU: total 8 (initial active 8) (4 cores per cpu, 2 threads per core) family 6 model 140 stepping 2 microcode 0x16, cx8, cmov, fxsr, ht, mmx, 3dnowpref, sse, sse2, sse3, ssse3, sse4.1, sse4.2, popcnt, lzcnt, tsc, tscinvbit, avx, avx2, aes, erms, clmul, bmi1, bmi2, adx, avx512f, avx512dq, avx512cd, avx512bw, avx512vl, sha, fma, vzeroupper, avx512_vpopcntdq, avx512_vpclmulqdq, avx512_vaes, avx512_vnni, clflush, clflushopt, clwb, avx512_vbmi2, avx512_vbmi, hv

Memory: 4k page, system-wide physical 7975M (788M free)
TotalPageFile size 32551M (AvailPageFile size 0M)
current process WorkingSet (physical memory assigned to process): 9M, peak: 101M
current process commit charge ("private bytes"): 239M, peak: 242M

vm_info: Java HotSpot(TM) 64-Bit Server VM (17.0.12+8-LTS-286) for windows-amd64 JRE (17.0.12+8-LTS-286), built on Jun  5 2024 06:46:59 by "mach5one" with MS VC++ 17.6 (VS2022)

END.
